This is pdfTeX, Version 3.14159265-2.6-1.40.19 (TeX Live 2018) (preloaded format=pdflatex 2018.10.7)  20 MAR 2019 16:18
entering extended mode
 restricted \write18 enabled.
 file:line:error style messages enabled.
 %&-line parsing enabled.
**README.tex
(./README.tex
LaTeX2e <2018-04-01> patch level 2
Babel <3.18> and hyphenation patterns for 84 language(s) loaded.
(/usr/local/texlive/2018/texmf-dist/tex/latex/base/book.cls
Document Class: book 2014/09/29 v1.4h Standard LaTeX document class
(/usr/local/texlive/2018/texmf-dist/tex/latex/base/bk12.clo
File: bk12.clo 2014/09/29 v1.4h Standard LaTeX file (size option)
)
\c@part=\count80
\c@chapter=\count81
\c@section=\count82
\c@subsection=\count83
\c@subsubsection=\count84
\c@paragraph=\count85
\c@subparagraph=\count86
\c@figure=\count87
\c@table=\count88
\abovecaptionskip=\skip41
\belowcaptionskip=\skip42
\bibindent=\dimen102
) (/usr/local/texlive/2018/texmf-dist/tex/latex/graphics/graphicx.sty
Package: graphicx 2017/06/01 v1.1a Enhanced LaTeX Graphics (DPC,SPQR)
 (/usr/local/texlive/2018/texmf-dist/tex/latex/graphics/keyval.sty
Package: keyval 2014/10/28 v1.15 key=value parser (DPC)
\KV@toks@=\toks14
) (/usr/local/texlive/2018/texmf-dist/tex/latex/graphics/graphics.sty
Package: graphics 2017/06/25 v1.2c Standard LaTeX Graphics (DPC,SPQR)
 (/usr/local/texlive/2018/texmf-dist/tex/latex/graphics/trig.sty
Package: trig 2016/01/03 v1.10 sin cos tan (DPC)
) (/usr/local/texlive/2018/texmf-dist/tex/latex/graphics-cfg/graphics.cfg
File: graphics.cfg 2016/06/04 v1.11 sample graphics configuration
)
Package graphics Info: Driver file: pdftex.def on input line 99.
 (/usr/local/texlive/2018/texmf-dist/tex/latex/graphics-def/pdftex.def
File: pdftex.def 2018/01/08 v1.0l Graphics/color driver for pdftex
))
\Gin@req@height=\dimen103
\Gin@req@width=\dimen104
) (/usr/local/texlive/2018/texmf-dist/tex/latex/base/inputenc.sty
Package: inputenc 2018/04/06 v1.3b Input encoding file
\inpenc@prehook=\toks15
\inpenc@posthook=\toks16
) (/usr/local/texlive/2018/texmf-dist/tex/latex/geometry/geometry.sty
Package: geometry 2018/03/24 v5.7 Page Geometry
 (/usr/local/texlive/2018/texmf-dist/tex/generic/oberdiek/ifpdf.sty
Package: ifpdf 2017/03/15 v3.2 Provides the ifpdf switch
) (/usr/local/texlive/2018/texmf-dist/tex/generic/oberdiek/ifvtex.sty
Package: ifvtex 2016/05/16 v1.6 Detect VTeX and its facilities (HO)
Package ifvtex Info: VTeX not detected.
) (/usr/local/texlive/2018/texmf-dist/tex/generic/ifxetex/ifxetex.sty
Package: ifxetex 2010/09/12 v0.6 Provides ifxetex conditional
)
\Gm@cnth=\count89
\Gm@cntv=\count90
\c@Gm@tempcnt=\count91
\Gm@bindingoffset=\dimen105
\Gm@wd@mp=\dimen106
\Gm@odd@mp=\dimen107
\Gm@even@mp=\dimen108
\Gm@layoutwidth=\dimen109
\Gm@layoutheight=\dimen110
\Gm@layouthoffset=\dimen111
\Gm@layoutvoffset=\dimen112
\Gm@dimlist=\toks17
) (/usr/local/texlive/2018/texmf-dist/tex/latex/hyperref/hyperref.sty
Package: hyperref 2018/02/06 v6.86b Hypertext links for LaTeX
 (/usr/local/texlive/2018/texmf-dist/tex/generic/oberdiek/hobsub-hyperref.sty
Package: hobsub-hyperref 2016/05/16 v1.14 Bundle oberdiek, subset hyperref (HO)
 (/usr/local/texlive/2018/texmf-dist/tex/generic/oberdiek/hobsub-generic.sty
Package: hobsub-generic 2016/05/16 v1.14 Bundle oberdiek, subset generic (HO)
Package: hobsub 2016/05/16 v1.14 Construct package bundles (HO)
Package: infwarerr 2016/05/16 v1.4 Providing info/warning/error messages (HO)
Package: ltxcmds 2016/05/16 v1.23 LaTeX kernel commands for general use (HO)
Package: ifluatex 2016/05/16 v1.4 Provides the ifluatex switch (HO)
Package ifluatex Info: LuaTeX not detected.
Package hobsub Info: Skipping package `ifvtex' (already loaded).
Package: intcalc 2016/05/16 v1.2 Expandable calculations with integers (HO)
Package hobsub Info: Skipping package `ifpdf' (already loaded).
Package: etexcmds 2016/05/16 v1.6 Avoid name clashes with e-TeX commands (HO)
Package etexcmds Info: Could not find \expanded.
(etexcmds)             That can mean that you are not using pdfTeX 1.50 or
(etexcmds)             that some package has redefined \expanded.
(etexcmds)             In the latter case, load this package earlier.
Package: kvsetkeys 2016/05/16 v1.17 Key value parser (HO)
Package: kvdefinekeys 2016/05/16 v1.4 Define keys (HO)
Package: pdftexcmds 2018/01/30 v0.27 Utility functions of pdfTeX for LuaTeX (HO)
Package pdftexcmds Info: LuaTeX not detected.
Package pdftexcmds Info: \pdf@primitive is available.
Package pdftexcmds Info: \pdf@ifprimitive is available.
Package pdftexcmds Info: \pdfdraftmode found.
Package: pdfescape 2016/05/16 v1.14 Implements pdfTeX's escape features (HO)
Package: bigintcalc 2016/05/16 v1.4 Expandable calculations on big integers (HO)
Package: bitset 2016/05/16 v1.2 Handle bit-vector datatype (HO)
Package: uniquecounter 2016/05/16 v1.3 Provide unlimited unique counter (HO)
)
Package hobsub Info: Skipping package `hobsub' (already loaded).
Package: letltxmacro 2016/05/16 v1.5 Let assignment for LaTeX macros (HO)
Package: hopatch 2016/05/16 v1.3 Wrapper for package hooks (HO)
Package: xcolor-patch 2016/05/16 xcolor patch
Package: atveryend 2016/05/16 v1.9 Hooks at the very end of document (HO)
Package atveryend Info: \enddocument detected (standard20110627).
Package: atbegshi 2016/06/09 v1.18 At begin shipout hook (HO)
Package: refcount 2016/05/16 v3.5 Data extraction from label references (HO)
Package: hycolor 2016/05/16 v1.8 Color options for hyperref/bookmark (HO)
) (/usr/local/texlive/2018/texmf-dist/tex/latex/oberdiek/auxhook.sty
Package: auxhook 2016/05/16 v1.4 Hooks for auxiliary files (HO)
) (/usr/local/texlive/2018/texmf-dist/tex/latex/oberdiek/kvoptions.sty
Package: kvoptions 2016/05/16 v3.12 Key value format for package options (HO)
)
\@linkdim=\dimen113
\Hy@linkcounter=\count92
\Hy@pagecounter=\count93
 (/usr/local/texlive/2018/texmf-dist/tex/latex/hyperref/pd1enc.def
File: pd1enc.def 2018/02/06 v6.86b Hyperref: PDFDocEncoding definition (HO)
Now handling font encoding PD1 ...
... no UTF-8 mapping file for font encoding PD1
)
\Hy@SavedSpaceFactor=\count94
 (/usr/local/texlive/2018/texmf-dist/tex/latex/latexconfig/hyperref.cfg
File: hyperref.cfg 2002/06/06 v1.2 hyperref configuration of TeXLive
)
Package hyperref Info: Hyper figures OFF on input line 4509.
Package hyperref Info: Link nesting OFF on input line 4514.
Package hyperref Info: Hyper index ON on input line 4517.
Package hyperref Info: Plain pages OFF on input line 4524.
Package hyperref Info: Backreferencing OFF on input line 4529.
Package hyperref Info: Implicit mode ON; LaTeX internals redefined.
Package hyperref Info: Bookmarks ON on input line 4762.
\c@Hy@tempcnt=\count95
 (/usr/local/texlive/2018/texmf-dist/tex/latex/url/url.sty
\Urlmuskip=\muskip10
Package: url 2013/09/16  ver 3.4  Verb mode for urls, etc.
)
LaTeX Info: Redefining \url on input line 5115.
\XeTeXLinkMargin=\dimen114
\Fld@menulength=\count96
\Field@Width=\dimen115
\Fld@charsize=\dimen116
Package hyperref Info: Hyper figures OFF on input line 6369.
Package hyperref Info: Link nesting OFF on input line 6374.
Package hyperref Info: Hyper index ON on input line 6377.
Package hyperref Info: backreferencing OFF on input line 6384.
Package hyperref Info: Link coloring OFF on input line 6389.
Package hyperref Info: Link coloring with OCG OFF on input line 6394.
Package hyperref Info: PDF/A mode OFF on input line 6399.
LaTeX Info: Redefining \ref on input line 6439.
LaTeX Info: Redefining \pageref on input line 6443.
\Hy@abspage=\count97
\c@Item=\count98
\c@Hfootnote=\count99
)
Package hyperref Info: Driver (autodetected): hpdftex.
 (/usr/local/texlive/2018/texmf-dist/tex/latex/hyperref/hpdftex.def
File: hpdftex.def 2018/02/06 v6.86b Hyperref driver for pdfTeX
\Fld@listcount=\count100
\c@bookmark@seq@number=\count101
 (/usr/local/texlive/2018/texmf-dist/tex/latex/oberdiek/rerunfilecheck.sty
Package: rerunfilecheck 2016/05/16 v1.8 Rerun checks for auxiliary files (HO)
Package uniquecounter Info: New unique counter `rerunfilecheck' on input line 282.
)
\Hy@SectionHShift=\skip43
) (/Users/huang/Workspace/TristanHuang/.texpadtmp/README.aux)
\openout1 = `README.aux'.

LaTeX Font Info:    Checking defaults for OML/cmm/m/it on input line 13.
LaTeX Font Info:    ... okay on input line 13.
LaTeX Font Info:    Checking defaults for T1/cmr/m/n on input line 13.
LaTeX Font Info:    ... okay on input line 13.
LaTeX Font Info:    Checking defaults for OT1/cmr/m/n on input line 13.
LaTeX Font Info:    ... okay on input line 13.
LaTeX Font Info:    Checking defaults for OMS/cmsy/m/n on input line 13.
LaTeX Font Info:    ... okay on input line 13.
LaTeX Font Info:    Checking defaults for OMX/cmex/m/n on input line 13.
LaTeX Font Info:    ... okay on input line 13.
LaTeX Font Info:    Checking defaults for U/cmr/m/n on input line 13.
LaTeX Font Info:    ... okay on input line 13.
LaTeX Font Info:    Checking defaults for PD1/pdf/m/n on input line 13.
LaTeX Font Info:    ... okay on input line 13.
 (/usr/local/texlive/2018/texmf-dist/tex/context/base/mkii/supp-pdf.mkii
[Loading MPS to PDF converter (version 2006.09.02).]
\scratchcounter=\count102
\scratchdimen=\dimen117
\scratchbox=\box26
\nofMPsegments=\count103
\nofMParguments=\count104
\everyMPshowfont=\toks18
\MPscratchCnt=\count105
\MPscratchDim=\dimen118
\MPnumerator=\count106
\makeMPintoPDFobject=\count107
\everyMPtoPDFconversion=\toks19
) (/usr/local/texlive/2018/texmf-dist/tex/latex/oberdiek/epstopdf-base.sty
Package: epstopdf-base 2016/05/15 v2.6 Base part for package epstopdf
 (/usr/local/texlive/2018/texmf-dist/tex/latex/oberdiek/grfext.sty
Package: grfext 2016/05/16 v1.2 Manage graphics extensions (HO)
)
Package epstopdf-base Info: Redefining graphics rule for `.eps' on input line 438.
Package grfext Info: Graphics extension search list:
(grfext)             [.pdf,.png,.jpg,.mps,.jpeg,.jbig2,.jb2,.PDF,.PNG,.JPG,.JPEG,.JBIG2,.JB2,.eps]
(grfext)             \AppendGraphicsExtensions on input line 456.
 (/usr/local/texlive/2018/texmf-dist/tex/latex/latexconfig/epstopdf-sys.cfg
File: epstopdf-sys.cfg 2010/07/13 v1.3 Configuration of (r)epstopdf for TeX Live
))
*geometry* driver: auto-detecting
*geometry* detected driver: pdftex
*geometry* verbose mode - [ preamble ] result:
* driver: pdftex
* paper: a4paper
* layout: <same size as paper>
* layoutoffset:(h,v)=(0.0pt,0.0pt)
* modes: twoside 
* h-part:(L,W,R)=(36.135pt, 525.23788pt, 36.135pt)
* v-part:(T,H,B)=(21.68121pt, 801.68442pt, 21.68121pt)
* \paperwidth=597.50787pt
* \paperheight=845.04684pt
* \textwidth=525.23788pt
* \textheight=801.68442pt
* \oddsidemargin=-36.135pt
* \evensidemargin=-36.135pt
* \topmargin=-82.46257pt
* \headheight=12.0pt
* \headsep=19.8738pt
* \topskip=12.0pt
* \footskip=30.0pt
* \marginparwidth=98.0pt
* \marginparsep=7.0pt
* \columnsep=10.0pt
* \skip\footins=10.8pt plus 4.0pt minus 2.0pt
* \hoffset=0.0pt
* \voffset=0.0pt
* \mag=1000
* \@twocolumnfalse
* \@twosidetrue
* \@mparswitchtrue
* \@reversemarginfalse
* (1in=72.27pt=25.4mm, 1cm=28.453pt)

\AtBeginShipoutBox=\box27
Package hyperref Info: Link coloring OFF on input line 13.
(/usr/local/texlive/2018/texmf-dist/tex/latex/hyperref/nameref.sty
Package: nameref 2016/05/21 v2.44 Cross-referencing by name of section
 (/usr/local/texlive/2018/texmf-dist/tex/generic/oberdiek/gettitlestring.sty
Package: gettitlestring 2016/05/16 v1.5 Cleanup title references (HO)
)
\c@section@level=\count108
)
LaTeX Info: Redefining \ref on input line 13.
LaTeX Info: Redefining \pageref on input line 13.
LaTeX Info: Redefining \nameref on input line 13.
 (/Users/huang/Workspace/TristanHuang/.texpadtmp/README.out) (/Users/huang/Workspace/TristanHuang/.texpadtmp/README.out)
\@outlinefile=\write3
\openout3 = `README.out'.



./README.tex:18: Package inputenc Error: Unicode character å±Š (U+5C4A)
(inputenc)                not set up for use with LaTeX.

See the inputenc package documentation for explanation.
Type  H <return>  for immediate help.
 ...                                              
                                                  
l.18 2019å±Š
            å­¦ç”Ÿ-é»„ç¾å·
You may provide a definition with
\DeclareUnicodeCharacter 


./README.tex:18: Package inputenc Error: Unicode character å­¦ (U+5B66)
(inputenc)                not set up for use with LaTeX.

See the inputenc package documentation for explanation.
Type  H <return>  for immediate help.
 ...                                              
                                                  
l.18 2019å±Šå­¦
               ç”Ÿ-é»„ç¾å·
You may provide a definition with
\DeclareUnicodeCharacter 


./README.tex:18: Package inputenc Error: Unicode character ç”Ÿ (U+751F)
(inputenc)                not set up for use with LaTeX.

See the inputenc package documentation for explanation.
Type  H <return>  for immediate help.
 ...                                              
                                                  
l.18 2019å±Šå­¦ç”Ÿ
                  -é»„ç¾å·
You may provide a definition with
\DeclareUnicodeCharacter 


./README.tex:18: Package inputenc Error: Unicode character é»„ (U+9EC4)
(inputenc)                not set up for use with LaTeX.

See the inputenc package documentation for explanation.
Type  H <return>  for immediate help.
 ...                                              
                                                  
l.18 2019å±Šå­¦ç”Ÿ-é»„
                      ç¾å·
You may provide a definition with
\DeclareUnicodeCharacter 


./README.tex:18: Package inputenc Error: Unicode character ç¾ (U+7F8E)
(inputenc)                not set up for use with LaTeX.

See the inputenc package documentation for explanation.
Type  H <return>  for immediate help.
 ...                                              
                                                  
l.18 2019å±Šå­¦ç”Ÿ-é»„ç¾
                         å·
You may provide a definition with
\DeclareUnicodeCharacter 


./README.tex:18: Package inputenc Error: Unicode character å· (U+5DDD)
(inputenc)                not set up for use with LaTeX.

See the inputenc package documentation for explanation.
Type  H <return>  for immediate help.
 ...                                              
                                                  
l.18 2019å±Šå­¦ç”Ÿ-é»„ç¾å·
                            
You may provide a definition with
\DeclareUnicodeCharacter 


./README.tex:20: Package inputenc Error: Unicode character æ¯• (U+6BD5)
(inputenc)                not set up for use with LaTeX.

See the inputenc package documentation for explanation.
Type  H <return>  for immediate help.
 ...                                              
                                                  
l.20 \section*{æ¯•ä¸šè®ºæ–‡ä¸»è¦å†…å®¹}
                                        
You may provide a definition with
\DeclareUnicodeCharacter 


./README.tex:20: Package inputenc Error: Unicode character ä¸š (U+4E1A)
(inputenc)                not set up for use with LaTeX.

See the inputenc package documentation for explanation.
Type  H <return>  for immediate help.
 ...                                              
                                                  
l.20 \section*{æ¯•ä¸šè®ºæ–‡ä¸»è¦å†…å®¹}
                                        
You may provide a definition with
\DeclareUnicodeCharacter 


./README.tex:20: Package inputenc Error: Unicode character è®º (U+8BBA)
(inputenc)                not set up for use with LaTeX.

See the inputenc package documentation for explanation.
Type  H <return>  for immediate help.
 ...                                              
                                                  
l.20 \section*{æ¯•ä¸šè®ºæ–‡ä¸»è¦å†…å®¹}
                                        
You may provide a definition with
\DeclareUnicodeCharacter 


./README.tex:20: Package inputenc Error: Unicode character æ–‡ (U+6587)
(inputenc)                not set up for use with LaTeX.

See the inputenc package documentation for explanation.
Type  H <return>  for immediate help.
 ...                                              
                                                  
l.20 \section*{æ¯•ä¸šè®ºæ–‡ä¸»è¦å†…å®¹}
                                        
You may provide a definition with
\DeclareUnicodeCharacter 


./README.tex:20: Package inputenc Error: Unicode character ä¸» (U+4E3B)
(inputenc)                not set up for use with LaTeX.

See the inputenc package documentation for explanation.
Type  H <return>  for immediate help.
 ...                                              
                                                  
l.20 \section*{æ¯•ä¸šè®ºæ–‡ä¸»è¦å†…å®¹}
                                        
You may provide a definition with
\DeclareUnicodeCharacter 


./README.tex:20: Package inputenc Error: Unicode character è¦ (U+8981)
(inputenc)                not set up for use with LaTeX.

See the inputenc package documentation for explanation.
Type  H <return>  for immediate help.
 ...                                              
                                                  
l.20 \section*{æ¯•ä¸šè®ºæ–‡ä¸»è¦å†…å®¹}
                                        
You may provide a definition with
\DeclareUnicodeCharacter 


./README.tex:20: Package inputenc Error: Unicode character å†… (U+5185)
(inputenc)                not set up for use with LaTeX.

See the inputenc package documentation for explanation.
Type  H <return>  for immediate help.
 ...                                              
                                                  
l.20 \section*{æ¯•ä¸šè®ºæ–‡ä¸»è¦å†…å®¹}
                                        
You may provide a definition with
\DeclareUnicodeCharacter 


./README.tex:20: Package inputenc Error: Unicode character å®¹ (U+5BB9)
(inputenc)                not set up for use with LaTeX.

See the inputenc package documentation for explanation.
Type  H <return>  for immediate help.
 ...                                              
                                                  
l.20 \section*{æ¯•ä¸šè®ºæ–‡ä¸»è¦å†…å®¹}
                                        
You may provide a definition with
\DeclareUnicodeCharacter 


./README.tex:22: Package inputenc Error: Unicode character è·Œ (U+8DCC)
(inputenc)                not set up for use with LaTeX.

See the inputenc package documentation for explanation.
Type  H <return>  for immediate help.
 ...                                              
                                                  
l.22 è·Œ
        å€’åŠå…¶åç»­æ‰€å¯èƒ½å¼•å‘çš„é—®é¢˜å¯¹äºè€å¹´äººæ¥è¯´æ˜¯ç”Ÿå‘...
You may provide a definition with
\DeclareUnicodeCharacter 


./README.tex:22: Package inputenc Error: Unicode character å€’ (U+5012)
(inputenc)                not set up for use with LaTeX.

See the inputenc package documentation for explanation.
Type  H <return>  for immediate help.
 ...                                              
                                                  
l.22 è·Œå€’
           åŠå…¶åç»­æ‰€å¯èƒ½å¼•å‘çš„é—®é¢˜å¯¹äºè€å¹´äººæ¥è¯´æ˜¯ç”Ÿå‘...
You may provide a definition with
\DeclareUnicodeCharacter 


./README.tex:22: Package inputenc Error: Unicode character åŠ (U+53CA)
(inputenc)                not set up for use with LaTeX.

See the inputenc package documentation for explanation.
Type  H <return>  for immediate help.
 ...                                              
                                                  
l.22 è·Œå€’åŠ
              å…¶åç»­æ‰€å¯èƒ½å¼•å‘çš„é—®é¢˜å¯¹äºè€å¹´äººæ¥è¯´æ˜¯ç”Ÿå‘...
You may provide a definition with
\DeclareUnicodeCharacter 


./README.tex:22: Package inputenc Error: Unicode character å…¶ (U+5176)
(inputenc)                not set up for use with LaTeX.

See the inputenc package documentation for explanation.
Type  H <return>  for immediate help.
 ...                                              
                                                  
l.22 è·Œå€’åŠå…¶
                 åç»­æ‰€å¯èƒ½å¼•å‘çš„é—®é¢˜å¯¹äºè€å¹´äººæ¥è¯´æ˜¯ç”Ÿå‘...
You may provide a definition with
\DeclareUnicodeCharacter 


./README.tex:22: Package inputenc Error: Unicode character å (U+540E)
(inputenc)                not set up for use with LaTeX.

See the inputenc package documentation for explanation.
Type  H <return>  for immediate help.
 ...                                              
                                                  
l.22 è·Œå€’åŠå…¶å
                    ç»­æ‰€å¯èƒ½å¼•å‘çš„é—®é¢˜å¯¹äºè€å¹´äººæ¥è¯´æ˜¯ç”Ÿå‘...
You may provide a definition with
\DeclareUnicodeCharacter 


./README.tex:22: Package inputenc Error: Unicode character ç»­ (U+7EED)
(inputenc)                not set up for use with LaTeX.

See the inputenc package documentation for explanation.
Type  H <return>  for immediate help.
 ...                                              
                                                  
l.22 è·Œå€’åŠå…¶åç»­
                       æ‰€å¯èƒ½å¼•å‘çš„é—®é¢˜å¯¹äºè€å¹´äººæ¥è¯´æ˜¯ç”Ÿå‘...
You may provide a definition with
\DeclareUnicodeCharacter 


./README.tex:22: Package inputenc Error: Unicode character æ‰€ (U+6240)
(inputenc)                not set up for use with LaTeX.

See the inputenc package documentation for explanation.
Type  H <return>  for immediate help.
 ...                                              
                                                  
l.22 è·Œå€’åŠå…¶åç»­æ‰€
                          å¯èƒ½å¼•å‘çš„é—®é¢˜å¯¹äºè€å¹´äººæ¥è¯´æ˜¯ç”Ÿå‘...
You may provide a definition with
\DeclareUnicodeCharacter 


./README.tex:22: Package inputenc Error: Unicode character å¯ (U+53EF)
(inputenc)                not set up for use with LaTeX.

See the inputenc package documentation for explanation.
Type  H <return>  for immediate help.
 ...                                              
                                                  
l.22 è·Œå€’åŠå…¶åç»­æ‰€å¯
                             èƒ½å¼•å‘çš„é—®é¢˜å¯¹äºè€å¹´äººæ¥è¯´æ˜¯ç”Ÿå‘...
You may provide a definition with
\DeclareUnicodeCharacter 


./README.tex:22: Package inputenc Error: Unicode character èƒ½ (U+80FD)
(inputenc)                not set up for use with LaTeX.

See the inputenc package documentation for explanation.
Type  H <return>  for immediate help.
 ...                                              
                                                  
l.22 è·Œå€’åŠå…¶åç»­æ‰€å¯èƒ½
                                å¼•å‘çš„é—®é¢˜å¯¹äºè€å¹´äººæ¥è¯´æ˜¯ç”Ÿå‘...
You may provide a definition with
\DeclareUnicodeCharacter 


./README.tex:22: Package inputenc Error: Unicode character å¼• (U+5F15)
(inputenc)                not set up for use with LaTeX.

See the inputenc package documentation for explanation.
Type  H <return>  for immediate help.
 ...                                              
                                                  
l.22 è·Œå€’åŠå…¶åç»­æ‰€å¯èƒ½å¼•
                                   å‘çš„é—®é¢˜å¯¹äºè€å¹´äººæ¥è¯´æ˜¯ç”Ÿå‘...
You may provide a definition with
\DeclareUnicodeCharacter 


./README.tex:22: Package inputenc Error: Unicode character å‘ (U+53D1)
(inputenc)                not set up for use with LaTeX.

See the inputenc package documentation for explanation.
Type  H <return>  for immediate help.
 ...                                              
                                                  
l.22 è·Œå€’åŠå…¶åç»­æ‰€å¯èƒ½å¼•å‘
                                      çš„é—®é¢˜å¯¹äºè€å¹´äººæ¥è¯´æ˜¯ç”Ÿå‘...
You may provide a definition with
\DeclareUnicodeCharacter 


./README.tex:22: Package inputenc Error: Unicode character çš„ (U+7684)
(inputenc)                not set up for use with LaTeX.

See the inputenc package documentation for explanation.
Type  H <return>  for immediate help.
 ...                                              
                                                  
l.22 è·Œå€’åŠå…¶åç»­æ‰€å¯èƒ½å¼•å‘çš„
                                         é—®é¢˜å¯¹äºè€å¹´äººæ¥è¯´æ˜¯ç”Ÿå‘...
You may provide a definition with
\DeclareUnicodeCharacter 


./README.tex:22: Package inputenc Error: Unicode character é—® (U+95EE)
(inputenc)                not set up for use with LaTeX.

See the inputenc package documentation for explanation.
Type  H <return>  for immediate help.
 ...                                              
                                                  
l.22 è·Œå€’åŠå…¶åç»­æ‰€å¯èƒ½å¼•å‘çš„é—®
                                            é¢˜å¯¹äºè€å¹´äººæ¥è¯´æ˜¯ç”Ÿå‘...
You may provide a definition with
\DeclareUnicodeCharacter 


./README.tex:22: Package inputenc Error: Unicode character é¢˜ (U+9898)
(inputenc)                not set up for use with LaTeX.

See the inputenc package documentation for explanation.
Type  H <return>  for immediate help.
 ...                                              
                                                  
l.22 è·Œå€’åŠå…¶åç»­æ‰€å¯èƒ½å¼•å‘çš„é—®é¢˜
                                               å¯¹äºè€å¹´äººæ¥è¯´æ˜¯ç”Ÿå‘...
You may provide a definition with
\DeclareUnicodeCharacter 


./README.tex:22: Package inputenc Error: Unicode character å¯¹ (U+5BF9)
(inputenc)                not set up for use with LaTeX.

See the inputenc package documentation for explanation.
Type  H <return>  for immediate help.
 ...                                              
                                                  
l.22 è·Œå€’åŠå…¶åç»­æ‰€å¯èƒ½å¼•å‘çš„é—®é¢˜å¯¹
                                                  äºè€å¹´äººæ¥è¯´æ˜¯ç”Ÿå‘...
You may provide a definition with
\DeclareUnicodeCharacter 


./README.tex:22: Package inputenc Error: Unicode character äº (U+4E8E)
(inputenc)                not set up for use with LaTeX.

See the inputenc package documentation for explanation.
Type  H <return>  for immediate help.
 ...                                              
                                                  
l.22 ...åŠå…¶åç»­æ‰€å¯èƒ½å¼•å‘çš„é—®é¢˜å¯¹äº
                                                  è€å¹´äººæ¥è¯´æ˜¯ç”Ÿå‘½å...
You may provide a definition with
\DeclareUnicodeCharacter 


./README.tex:22: Package inputenc Error: Unicode character è€ (U+8001)
(inputenc)                not set up for use with LaTeX.

See the inputenc package documentation for explanation.
Type  H <return>  for immediate help.
 ...                                              
                                                  
l.22 ...å…¶åç»­æ‰€å¯èƒ½å¼•å‘çš„é—®é¢˜å¯¹äºè€
                                                  å¹´äººæ¥è¯´æ˜¯ç”Ÿå‘½å¥åº...
You may provide a definition with
\DeclareUnicodeCharacter 


./README.tex:22: Package inputenc Error: Unicode character å¹´ (U+5E74)
(inputenc)                not set up for use with LaTeX.

See the inputenc package documentation for explanation.
Type  H <return>  for immediate help.
 ...                                              
                                                  
l.22 ...åç»­æ‰€å¯èƒ½å¼•å‘çš„é—®é¢˜å¯¹äºè€å¹´
                                                  äººæ¥è¯´æ˜¯ç”Ÿå‘½å¥åº·çš...
You may provide a definition with
\DeclareUnicodeCharacter 


./README.tex:22: Package inputenc Error: Unicode character äºº (U+4EBA)
(inputenc)                not set up for use with LaTeX.

See the inputenc package documentation for explanation.
Type  H <return>  for immediate help.
 ...                                              
                                                  
l.22 ...ç»­æ‰€å¯èƒ½å¼•å‘çš„é—®é¢˜å¯¹äºè€å¹´äºº
                                                  æ¥è¯´æ˜¯ç”Ÿå‘½å¥åº·çš„ä¸...
You may provide a definition with
\DeclareUnicodeCharacter 


./README.tex:22: Package inputenc Error: Unicode character æ¥ (U+6765)
(inputenc)                not set up for use with LaTeX.

See the inputenc package documentation for explanation.
Type  H <return>  for immediate help.
 ...                                              
                                                  
l.22 ...æ‰€å¯èƒ½å¼•å‘çš„é—®é¢˜å¯¹äºè€å¹´äººæ¥
                                                  è¯´æ˜¯ç”Ÿå‘½å¥åº·çš„ä¸¥é‡...
You may provide a definition with
\DeclareUnicodeCharacter 


./README.tex:22: Package inputenc Error: Unicode character è¯´ (U+8BF4)
(inputenc)                not set up for use with LaTeX.

See the inputenc package documentation for explanation.
Type  H <return>  for immediate help.
 ...                                              
                                                  
l.22 ...å¯èƒ½å¼•å‘çš„é—®é¢˜å¯¹äºè€å¹´äººæ¥è¯´
                                                  æ˜¯ç”Ÿå‘½å¥åº·çš„ä¸¥é‡å¨...
You may provide a definition with
\DeclareUnicodeCharacter 


./README.tex:22: Package inputenc Error: Unicode character æ˜¯ (U+662F)
(inputenc)                not set up for use with LaTeX.

See the inputenc package documentation for explanation.
Type  H <return>  for immediate help.
 ...                                              
                                                  
l.22 ...èƒ½å¼•å‘çš„é—®é¢˜å¯¹äºè€å¹´äººæ¥è¯´æ˜¯
                                                  ç”Ÿå‘½å¥åº·çš„ä¸¥é‡å¨èƒ...
You may provide a definition with
\DeclareUnicodeCharacter 


./README.tex:22: Package inputenc Error: Unicode character ç”Ÿ (U+751F)
(inputenc)                not set up for use with LaTeX.

See the inputenc package documentation for explanation.
Type  H <return>  for immediate help.
 ...                                              
                                                  
l.22 ...å¼•å‘çš„é—®é¢˜å¯¹äºè€å¹´äººæ¥è¯´æ˜¯ç”Ÿ
                                                  å‘½å¥åº·çš„ä¸¥é‡å¨èƒï¼...
You may provide a definition with
\DeclareUnicodeCharacter 


./README.tex:22: Package inputenc Error: Unicode character å‘½ (U+547D)
(inputenc)                not set up for use with LaTeX.

See the inputenc package documentation for explanation.
Type  H <return>  for immediate help.
 ...                                              
                                                  
l.22 ...å‘çš„é—®é¢˜å¯¹äºè€å¹´äººæ¥è¯´æ˜¯ç”Ÿå‘½
                                                  å¥åº·çš„ä¸¥é‡å¨èƒï¼Œè·...
You may provide a definition with
\DeclareUnicodeCharacter 


./README.tex:22: Package inputenc Error: Unicode character å¥ (U+5065)
(inputenc)                not set up for use with LaTeX.

See the inputenc package documentation for explanation.
Type  H <return>  for immediate help.
 ...                                              
                                                  
l.22 ...çš„é—®é¢˜å¯¹äºè€å¹´äººæ¥è¯´æ˜¯ç”Ÿå‘½å¥
                                                  åº·çš„ä¸¥é‡å¨èƒï¼Œè·Œå€...
You may provide a definition with
\DeclareUnicodeCharacter 


./README.tex:22: Package inputenc Error: Unicode character åº· (U+5EB7)
(inputenc)                not set up for use with LaTeX.

See the inputenc package documentation for explanation.
Type  H <return>  for immediate help.
 ...                                              
                                                  
l.22 ...é—®é¢˜å¯¹äºè€å¹´äººæ¥è¯´æ˜¯ç”Ÿå‘½å¥åº·
                                                  çš„ä¸¥é‡å¨èƒï¼Œè·Œå€’æ£...
You may provide a definition with
\DeclareUnicodeCharacter 


./README.tex:22: Package inputenc Error: Unicode character çš„ (U+7684)
(inputenc)                not set up for use with LaTeX.

See the inputenc package documentation for explanation.
Type  H <return>  for immediate help.
 ...                                              
                                                  
l.22 ...é¢˜å¯¹äºè€å¹´äººæ¥è¯´æ˜¯ç”Ÿå‘½å¥åº·çš„
                                                  ä¸¥é‡å¨èƒï¼Œè·Œå€’æ£€æµ...
You may provide a definition with
\DeclareUnicodeCharacter 


./README.tex:22: Package inputenc Error: Unicode character ä¸¥ (U+4E25)
(inputenc)                not set up for use with LaTeX.

See the inputenc package documentation for explanation.
Type  H <return>  for immediate help.
 ...                                              
                                                  
l.22 ...å¯¹äºè€å¹´äººæ¥è¯´æ˜¯ç”Ÿå‘½å¥åº·çš„ä¸¥
                                                  é‡å¨èƒï¼Œè·Œå€’æ£€æµ‹æŠ...
You may provide a definition with
\DeclareUnicodeCharacter 


./README.tex:22: Package inputenc Error: Unicode character é‡ (U+91CD)
(inputenc)                not set up for use with LaTeX.

See the inputenc package documentation for explanation.
Type  H <return>  for immediate help.
 ...                                              
                                                  
l.22 ...äºè€å¹´äººæ¥è¯´æ˜¯ç”Ÿå‘½å¥åº·çš„ä¸¥é‡
                                                  å¨èƒï¼Œè·Œå€’æ£€æµ‹æŠ€æœ...
You may provide a definition with
\DeclareUnicodeCharacter 


./README.tex:22: Package inputenc Error: Unicode character å¨ (U+5A01)
(inputenc)                not set up for use with LaTeX.

See the inputenc package documentation for explanation.
Type  H <return>  for immediate help.
 ...                                              
                                                  
l.22 ...è€å¹´äººæ¥è¯´æ˜¯ç”Ÿå‘½å¥åº·çš„ä¸¥é‡å¨
                                                  èƒï¼Œè·Œå€’æ£€æµ‹æŠ€æœ¯çš...
You may provide a definition with
\DeclareUnicodeCharacter 


./README.tex:22: Package inputenc Error: Unicode character èƒ (U+80C1)
(inputenc)                not set up for use with LaTeX.

See the inputenc package documentation for explanation.
Type  H <return>  for immediate help.
 ...                                              
                                                  
l.22 ...å¹´äººæ¥è¯´æ˜¯ç”Ÿå‘½å¥åº·çš„ä¸¥é‡å¨èƒ
                                                  ï¼Œè·Œå€’æ£€æµ‹æŠ€æœ¯çš„ç ...
You may provide a definition with
\DeclareUnicodeCharacter 


./README.tex:22: Package inputenc Error: Unicode character ï¼Œ (U+FF0C)
(inputenc)                not set up for use with LaTeX.

See the inputenc package documentation for explanation.
Type  H <return>  for immediate help.
 ...                                              
                                                  
l.22 ...äººæ¥è¯´æ˜¯ç”Ÿå‘½å¥åº·çš„ä¸¥é‡å¨èƒï¼Œ
                                                  è·Œå€’æ£€æµ‹æŠ€æœ¯çš„ç ”ç©...
You may provide a definition with
\DeclareUnicodeCharacter 


./README.tex:22: Package inputenc Error: Unicode character è·Œ (U+8DCC)
(inputenc)                not set up for use with LaTeX.

See the inputenc package documentation for explanation.
Type  H <return>  for immediate help.
 ...                                              
                                                  
l.22 ...æ¥è¯´æ˜¯ç”Ÿå‘½å¥åº·çš„ä¸¥é‡å¨èƒï¼Œè·Œ
                                                  å€’æ£€æµ‹æŠ€æœ¯çš„ç ”ç©¶å...
You may provide a definition with
\DeclareUnicodeCharacter 


./README.tex:22: Package inputenc Error: Unicode character å€’ (U+5012)
(inputenc)                not set up for use with LaTeX.

See the inputenc package documentation for explanation.
Type  H <return>  for immediate help.
 ...                                              
                                                  
l.22 ...è¯´æ˜¯ç”Ÿå‘½å¥åº·çš„ä¸¥é‡å¨èƒï¼Œè·Œå€’
                                                  æ£€æµ‹æŠ€æœ¯çš„ç ”ç©¶å¯ä»...
You may provide a definition with
\DeclareUnicodeCharacter 


./README.tex:22: Package inputenc Error: Unicode character æ£€ (U+68C0)
(inputenc)                not set up for use with LaTeX.

See the inputenc package documentation for explanation.
Type  H <return>  for immediate help.
 ...                                              
                                                  
l.22 ...æ˜¯ç”Ÿå‘½å¥åº·çš„ä¸¥é‡å¨èƒï¼Œè·Œå€’æ£€
                                                  æµ‹æŠ€æœ¯çš„ç ”ç©¶å¯ä»¥å‡...
You may provide a definition with
\DeclareUnicodeCharacter 


./README.tex:22: Package inputenc Error: Unicode character æµ‹ (U+6D4B)
(inputenc)                not set up for use with LaTeX.

See the inputenc package documentation for explanation.
Type  H <return>  for immediate help.
 ...                                              
                                                  
l.22 ...ç”Ÿå‘½å¥åº·çš„ä¸¥é‡å¨èƒï¼Œè·Œå€’æ£€æµ‹
                                                  æŠ€æœ¯çš„ç ”ç©¶å¯ä»¥å‡å°...
You may provide a definition with
\DeclareUnicodeCharacter 


./README.tex:22: Package inputenc Error: Unicode character æŠ€ (U+6280)
(inputenc)                not set up for use with LaTeX.

See the inputenc package documentation for explanation.
Type  H <return>  for immediate help.
 ...                                              
                                                  
l.22 ...å‘½å¥åº·çš„ä¸¥é‡å¨èƒï¼Œè·Œå€’æ£€æµ‹æŠ€
                                                  æœ¯çš„ç ”ç©¶å¯ä»¥å‡å°‘è·...
You may provide a definition with
\DeclareUnicodeCharacter 


./README.tex:22: Package inputenc Error: Unicode character æœ¯ (U+672F)
(inputenc)                not set up for use with LaTeX.

See the inputenc package documentation for explanation.
Type  H <return>  for immediate help.
 ...                                              
                                                  
l.22 ...å¥åº·çš„ä¸¥é‡å¨èƒï¼Œè·Œå€’æ£€æµ‹æŠ€æœ¯
                                                  çš„ç ”ç©¶å¯ä»¥å‡å°‘è·Œå€...
You may provide a definition with
\DeclareUnicodeCharacter 


./README.tex:22: Package inputenc Error: Unicode character çš„ (U+7684)
(inputenc)                not set up for use with LaTeX.

See the inputenc package documentation for explanation.
Type  H <return>  for immediate help.
 ...                                              
                                                  
l.22 ...åº·çš„ä¸¥é‡å¨èƒï¼Œè·Œå€’æ£€æµ‹æŠ€æœ¯çš„
                                                  ç ”ç©¶å¯ä»¥å‡å°‘è·Œå€’å...
You may provide a definition with
\DeclareUnicodeCharacter 


./README.tex:22: Package inputenc Error: Unicode character ç ” (U+7814)
(inputenc)                not set up for use with LaTeX.

See the inputenc package documentation for explanation.
Type  H <return>  for immediate help.
 ...                                              
                                                  
l.22 ...çš„ä¸¥é‡å¨èƒï¼Œè·Œå€’æ£€æµ‹æŠ€æœ¯çš„ç ”
                                                  ç©¶å¯ä»¥å‡å°‘è·Œå€’åé•...
You may provide a definition with
\DeclareUnicodeCharacter 


./README.tex:22: Package inputenc Error: Unicode character ç©¶ (U+7A76)
(inputenc)                not set up for use with LaTeX.

See the inputenc package documentation for explanation.
Type  H <return>  for immediate help.
 ...                                              
                                                  
l.22 ...ä¸¥é‡å¨èƒï¼Œè·Œå€’æ£€æµ‹æŠ€æœ¯çš„ç ”ç©¶
                                                  å¯ä»¥å‡å°‘è·Œå€’åé•¿æ—...
You may provide a definition with
\DeclareUnicodeCharacter 


./README.tex:22: Package inputenc Error: Unicode character å¯ (U+53EF)
(inputenc)                not set up for use with LaTeX.

See the inputenc package documentation for explanation.
Type  H <return>  for immediate help.
 ...                                              
                                                  
l.22 ...é‡å¨èƒï¼Œè·Œå€’æ£€æµ‹æŠ€æœ¯çš„ç ”ç©¶å¯
                                                  ä»¥å‡å°‘è·Œå€’åé•¿æ—¶é—...
You may provide a definition with
\DeclareUnicodeCharacter 


./README.tex:22: Package inputenc Error: Unicode character ä»¥ (U+4EE5)
(inputenc)                not set up for use with LaTeX.

See the inputenc package documentation for explanation.
Type  H <return>  for immediate help.
 ...                                              
                                                  
l.22 ...å¨èƒï¼Œè·Œå€’æ£€æµ‹æŠ€æœ¯çš„ç ”ç©¶å¯ä»¥
                                                  å‡å°‘è·Œå€’åé•¿æ—¶é—´æ•...
You may provide a definition with
\DeclareUnicodeCharacter 


./README.tex:22: Package inputenc Error: Unicode character å‡ (U+51CF)
(inputenc)                not set up for use with LaTeX.

See the inputenc package documentation for explanation.
Type  H <return>  for immediate help.
 ...                                              
                                                  
l.22 ...èƒï¼Œè·Œå€’æ£€æµ‹æŠ€æœ¯çš„ç ”ç©¶å¯ä»¥å‡
                                                  å°‘è·Œå€’åé•¿æ—¶é—´æ•‘åŠ...
You may provide a definition with
\DeclareUnicodeCharacter 


./README.tex:22: Package inputenc Error: Unicode character å°‘ (U+5C11)
(inputenc)                not set up for use with LaTeX.

See the inputenc package documentation for explanation.
Type  H <return>  for immediate help.
 ...                                              
                                                  
l.22 ...ï¼Œè·Œå€’æ£€æµ‹æŠ€æœ¯çš„ç ”ç©¶å¯ä»¥å‡å°‘
                                                  è·Œå€’åé•¿æ—¶é—´æ•‘åŠ©ç¼...
You may provide a definition with
\DeclareUnicodeCharacter 


./README.tex:22: Package inputenc Error: Unicode character è·Œ (U+8DCC)
(inputenc)                not set up for use with LaTeX.

See the inputenc package documentation for explanation.
Type  H <return>  for immediate help.
 ...                                              
                                                  
l.22 ...è·Œå€’æ£€æµ‹æŠ€æœ¯çš„ç ”ç©¶å¯ä»¥å‡å°‘è·Œ
                                                  å€’åé•¿æ—¶é—´æ•‘åŠ©ç¼ºå¤...
You may provide a definition with
\DeclareUnicodeCharacter 


./README.tex:22: Package inputenc Error: Unicode character å€’ (U+5012)
(inputenc)                not set up for use with LaTeX.

See the inputenc package documentation for explanation.
Type  H <return>  for immediate help.
 ...                                              
                                                  
l.22 ...å€’æ£€æµ‹æŠ€æœ¯çš„ç ”ç©¶å¯ä»¥å‡å°‘è·Œå€’
                                                  åé•¿æ—¶é—´æ•‘åŠ©ç¼ºå¤±çš...
You may provide a definition with
\DeclareUnicodeCharacter 


./README.tex:22: Package inputenc Error: Unicode character å (U+540E)
(inputenc)                not set up for use with LaTeX.

See the inputenc package documentation for explanation.
Type  H <return>  for immediate help.
 ...                                              
                                                  
l.22 ...æ£€æµ‹æŠ€æœ¯çš„ç ”ç©¶å¯ä»¥å‡å°‘è·Œå€’å
                                                  é•¿æ—¶é—´æ•‘åŠ©ç¼ºå¤±çš„ç...
You may provide a definition with
\DeclareUnicodeCharacter 


./README.tex:22: Package inputenc Error: Unicode character é•¿ (U+957F)
(inputenc)                not set up for use with LaTeX.

See the inputenc package documentation for explanation.
Type  H <return>  for immediate help.
 ...                                              
                                                  
l.22 ...æµ‹æŠ€æœ¯çš„ç ”ç©¶å¯ä»¥å‡å°‘è·Œå€’åé•¿
                                                  æ—¶é—´æ•‘åŠ©ç¼ºå¤±çš„ç°è±...
You may provide a definition with
\DeclareUnicodeCharacter 


./README.tex:22: Package inputenc Error: Unicode character æ—¶ (U+65F6)
(inputenc)                not set up for use with LaTeX.

See the inputenc package documentation for explanation.
Type  H <return>  for immediate help.
 ...                                              
                                                  
l.22 ...æŠ€æœ¯çš„ç ”ç©¶å¯ä»¥å‡å°‘è·Œå€’åé•¿æ—¶
                                                  é—´æ•‘åŠ©ç¼ºå¤±çš„ç°è±¡ï¼...
You may provide a definition with
\DeclareUnicodeCharacter 


./README.tex:22: Package inputenc Error: Unicode character é—´ (U+95F4)
(inputenc)                not set up for use with LaTeX.

See the inputenc package documentation for explanation.
Type  H <return>  for immediate help.
 ...                                              
                                                  
l.22 ...æœ¯çš„ç ”ç©¶å¯ä»¥å‡å°‘è·Œå€’åé•¿æ—¶é—´
                                                  æ•‘åŠ©ç¼ºå¤±çš„ç°è±¡ï¼Œé...
You may provide a definition with
\DeclareUnicodeCharacter 


./README.tex:22: Package inputenc Error: Unicode character æ•‘ (U+6551)
(inputenc)                not set up for use with LaTeX.

See the inputenc package documentation for explanation.
Type  H <return>  for immediate help.
 ...                                              
                                                  
l.22 ...çš„ç ”ç©¶å¯ä»¥å‡å°‘è·Œå€’åé•¿æ—¶é—´æ•‘
                                                  åŠ©ç¼ºå¤±çš„ç°è±¡ï¼Œé¿å…...
You may provide a definition with
\DeclareUnicodeCharacter 


./README.tex:22: Package inputenc Error: Unicode character åŠ© (U+52A9)
(inputenc)                not set up for use with LaTeX.

See the inputenc package documentation for explanation.
Type  H <return>  for immediate help.
 ...                                              
                                                  
l.22 ...ç ”ç©¶å¯ä»¥å‡å°‘è·Œå€’åé•¿æ—¶é—´æ•‘åŠ©
                                                  ç¼ºå¤±çš„ç°è±¡ï¼Œé¿å…é€...
You may provide a definition with
\DeclareUnicodeCharacter 


./README.tex:22: Package inputenc Error: Unicode character ç¼º (U+7F3A)
(inputenc)                not set up for use with LaTeX.

See the inputenc package documentation for explanation.
Type  H <return>  for immediate help.
 ...                                              
                                                  
l.22 ...ç©¶å¯ä»¥å‡å°‘è·Œå€’åé•¿æ—¶é—´æ•‘åŠ©ç¼º
                                                  å¤±çš„ç°è±¡ï¼Œé¿å…é€ æˆ...
You may provide a definition with
\DeclareUnicodeCharacter 


./README.tex:22: Package inputenc Error: Unicode character å¤± (U+5931)
(inputenc)                not set up for use with LaTeX.

See the inputenc package documentation for explanation.
Type  H <return>  for immediate help.
 ...                                              
                                                  
l.22 ...å¯ä»¥å‡å°‘è·Œå€’åé•¿æ—¶é—´æ•‘åŠ©ç¼ºå¤±
                                                  çš„ç°è±¡ï¼Œé¿å…é€ æˆæ›...
You may provide a definition with
\DeclareUnicodeCharacter 


./README.tex:22: Package inputenc Error: Unicode character çš„ (U+7684)
(inputenc)                not set up for use with LaTeX.

See the inputenc package documentation for explanation.
Type  H <return>  for immediate help.
 ...                                              
                                                  
l.22 ...ä»¥å‡å°‘è·Œå€’åé•¿æ—¶é—´æ•‘åŠ©ç¼ºå¤±çš„
                                                  ç°è±¡ï¼Œé¿å…é€ æˆæ›´ä¸...
You may provide a definition with
\DeclareUnicodeCharacter 


./README.tex:22: Package inputenc Error: Unicode character ç° (U+73B0)
(inputenc)                not set up for use with LaTeX.

See the inputenc package documentation for explanation.
Type  H <return>  for immediate help.
 ...                                              
                                                  
l.22 ...å‡å°‘è·Œå€’åé•¿æ—¶é—´æ•‘åŠ©ç¼ºå¤±çš„ç°
                                                  è±¡ï¼Œé¿å…é€ æˆæ›´ä¸¥é‡...
You may provide a definition with
\DeclareUnicodeCharacter 


./README.tex:22: Package inputenc Error: Unicode character è±¡ (U+8C61)
(inputenc)                not set up for use with LaTeX.

See the inputenc package documentation for explanation.
Type  H <return>  for immediate help.
 ...                                              
                                                  
l.22 ...å°‘è·Œå€’åé•¿æ—¶é—´æ•‘åŠ©ç¼ºå¤±çš„ç°è±¡
                                                  ï¼Œé¿å…é€ æˆæ›´ä¸¥é‡çš...
You may provide a definition with
\DeclareUnicodeCharacter 


./README.tex:22: Package inputenc Error: Unicode character ï¼Œ (U+FF0C)
(inputenc)                not set up for use with LaTeX.

See the inputenc package documentation for explanation.
Type  H <return>  for immediate help.
 ...                                              
                                                  
l.22 ...è·Œå€’åé•¿æ—¶é—´æ•‘åŠ©ç¼ºå¤±çš„ç°è±¡ï¼Œ
                                                  é¿å…é€ æˆæ›´ä¸¥é‡çš„ä¼...
You may provide a definition with
\DeclareUnicodeCharacter 


./README.tex:22: Package inputenc Error: Unicode character é¿ (U+907F)
(inputenc)                not set up for use with LaTeX.

See the inputenc package documentation for explanation.
Type  H <return>  for immediate help.
 ...                                              
                                                  
l.22 ...å€’åé•¿æ—¶é—´æ•‘åŠ©ç¼ºå¤±çš„ç°è±¡ï¼Œé¿
                                                  å…é€ æˆæ›´ä¸¥é‡çš„ä¼¤å®...
You may provide a definition with
\DeclareUnicodeCharacter 


./README.tex:22: Package inputenc Error: Unicode character å… (U+514D)
(inputenc)                not set up for use with LaTeX.

See the inputenc package documentation for explanation.
Type  H <return>  for immediate help.
 ...                                              
                                                  
l.22 ...åé•¿æ—¶é—´æ•‘åŠ©ç¼ºå¤±çš„ç°è±¡ï¼Œé¿å…
                                                  é€ æˆæ›´ä¸¥é‡çš„ä¼¤å®³ã€...
You may provide a definition with
\DeclareUnicodeCharacter 


./README.tex:22: Package inputenc Error: Unicode character é€  (U+9020)
(inputenc)                not set up for use with LaTeX.

See the inputenc package documentation for explanation.
Type  H <return>  for immediate help.
 ...                                              
                                                  
l.22 ...é•¿æ—¶é—´æ•‘åŠ©ç¼ºå¤±çš„ç°è±¡ï¼Œé¿å…é€ 
                                                  æˆæ›´ä¸¥é‡çš„ä¼¤å®³ã€‚æœ...
You may provide a definition with
\DeclareUnicodeCharacter 


./README.tex:22: Package inputenc Error: Unicode character æˆ (U+6210)
(inputenc)                not set up for use with LaTeX.

See the inputenc package documentation for explanation.
Type  H <return>  for immediate help.
 ...                                              
                                                  
l.22 ...æ—¶é—´æ•‘åŠ©ç¼ºå¤±çš„ç°è±¡ï¼Œé¿å…é€ æˆ
                                                  æ›´ä¸¥é‡çš„ä¼¤å®³ã€‚æœ¬æ–...
You may provide a definition with
\DeclareUnicodeCharacter 


./README.tex:22: Package inputenc Error: Unicode character æ›´ (U+66F4)
(inputenc)                not set up for use with LaTeX.

See the inputenc package documentation for explanation.
Type  H <return>  for immediate help.
 ...                                              
                                                  
l.22 ...é—´æ•‘åŠ©ç¼ºå¤±çš„ç°è±¡ï¼Œé¿å…é€ æˆæ›´
                                                  ä¸¥é‡çš„ä¼¤å®³ã€‚æœ¬æ–‡è¯...
You may provide a definition with
\DeclareUnicodeCharacter 


./README.tex:22: Package inputenc Error: Unicode character ä¸¥ (U+4E25)
(inputenc)                not set up for use with LaTeX.

See the inputenc package documentation for explanation.
Type  H <return>  for immediate help.
 ...                                              
                                                  
l.22 ...æ•‘åŠ©ç¼ºå¤±çš„ç°è±¡ï¼Œé¿å…é€ æˆæ›´ä¸¥
                                                  é‡çš„ä¼¤å®³ã€‚æœ¬æ–‡è¯¦ç»...
You may provide a definition with
\DeclareUnicodeCharacter 


./README.tex:22: Package inputenc Error: Unicode character é‡ (U+91CD)
(inputenc)                not set up for use with LaTeX.

See the inputenc package documentation for explanation.
Type  H <return>  for immediate help.
 ...                                              
                                                  
l.22 ...åŠ©ç¼ºå¤±çš„ç°è±¡ï¼Œé¿å…é€ æˆæ›´ä¸¥é‡
                                                  çš„ä¼¤å®³ã€‚æœ¬æ–‡è¯¦ç»†è°...
You may provide a definition with
\DeclareUnicodeCharacter 


./README.tex:22: Package inputenc Error: Unicode character çš„ (U+7684)
(inputenc)                not set up for use with LaTeX.

See the inputenc package documentation for explanation.
Type  H <return>  for immediate help.
 ...                                              
                                                  
l.22 ...ç¼ºå¤±çš„ç°è±¡ï¼Œé¿å…é€ æˆæ›´ä¸¥é‡çš„
                                                  ä¼¤å®³ã€‚æœ¬æ–‡è¯¦ç»†è°ƒç ...
You may provide a definition with
\DeclareUnicodeCharacter 


./README.tex:22: Package inputenc Error: Unicode character ä¼¤ (U+4F24)
(inputenc)                not set up for use with LaTeX.

See the inputenc package documentation for explanation.
Type  H <return>  for immediate help.
 ...                                              
                                                  
l.22 ...å¤±çš„ç°è±¡ï¼Œé¿å…é€ æˆæ›´ä¸¥é‡çš„ä¼¤
                                                  å®³ã€‚æœ¬æ–‡è¯¦ç»†è°ƒç ”äº...
You may provide a definition with
\DeclareUnicodeCharacter 


./README.tex:22: Package inputenc Error: Unicode character å®³ (U+5BB3)
(inputenc)                not set up for use with LaTeX.

See the inputenc package documentation for explanation.
Type  H <return>  for immediate help.
 ...                                              
                                                  
l.22 ...çš„ç°è±¡ï¼Œé¿å…é€ æˆæ›´ä¸¥é‡çš„ä¼¤å®³
                                                  ã€‚æœ¬æ–‡è¯¦ç»†è°ƒç ”äº†å›...
You may provide a definition with
\DeclareUnicodeCharacter 


./README.tex:22: Package inputenc Error: Unicode character ã€‚ (U+3002)
(inputenc)                not set up for use with LaTeX.

See the inputenc package documentation for explanation.
Type  H <return>  for immediate help.
 ...                                              
                                                  
l.22 ...ç°è±¡ï¼Œé¿å…é€ æˆæ›´ä¸¥é‡çš„ä¼¤å®³ã€‚
                                                  æœ¬æ–‡è¯¦ç»†è°ƒç ”äº†å›½å†...
You may provide a definition with
\DeclareUnicodeCharacter 


./README.tex:22: Package inputenc Error: Unicode character æœ¬ (U+672C)
(inputenc)                not set up for use with LaTeX.

See the inputenc package documentation for explanation.
Type  H <return>  for immediate help.
 ...                                              
                                                  
l.22 ...è±¡ï¼Œé¿å…é€ æˆæ›´ä¸¥é‡çš„ä¼¤å®³ã€‚æœ¬
                                                  æ–‡è¯¦ç»†è°ƒç ”äº†å›½å†…å¤...
You may provide a definition with
\DeclareUnicodeCharacter 


./README.tex:22: Package inputenc Error: Unicode character æ–‡ (U+6587)
(inputenc)                not set up for use with LaTeX.

See the inputenc package documentation for explanation.
Type  H <return>  for immediate help.
 ...                                              
                                                  
l.22 ...ï¼Œé¿å…é€ æˆæ›´ä¸¥é‡çš„ä¼¤å®³ã€‚æœ¬æ–‡
                                                  è¯¦ç»†è°ƒç ”äº†å›½å†…å¤–ç›...
You may provide a definition with
\DeclareUnicodeCharacter 


./README.tex:22: Package inputenc Error: Unicode character è¯¦ (U+8BE6)
(inputenc)                not set up for use with LaTeX.

See the inputenc package documentation for explanation.
Type  H <return>  for immediate help.
 ...                                              
                                                  
l.22 ...é¿å…é€ æˆæ›´ä¸¥é‡çš„ä¼¤å®³ã€‚æœ¬æ–‡è¯¦
                                                  ç»†è°ƒç ”äº†å›½å†…å¤–ç›¸å…...
You may provide a definition with
\DeclareUnicodeCharacter 


./README.tex:22: Package inputenc Error: Unicode character ç»† (U+7EC6)
(inputenc)                not set up for use with LaTeX.

See the inputenc package documentation for explanation.
Type  H <return>  for immediate help.
 ...                                              
                                                  
l.22 ...å…é€ æˆæ›´ä¸¥é‡çš„ä¼¤å®³ã€‚æœ¬æ–‡è¯¦ç»†
                                                  è°ƒç ”äº†å›½å†…å¤–ç›¸å…³ç ...
You may provide a definition with
\DeclareUnicodeCharacter 


./README.tex:22: Package inputenc Error: Unicode character è°ƒ (U+8C03)
(inputenc)                not set up for use with LaTeX.

See the inputenc package documentation for explanation.
Type  H <return>  for immediate help.
 ...                                              
                                                  
l.22 ...é€ æˆæ›´ä¸¥é‡çš„ä¼¤å®³ã€‚æœ¬æ–‡è¯¦ç»†è°ƒ
                                                  ç ”äº†å›½å†…å¤–ç›¸å…³ç ”ç©...
You may provide a definition with
\DeclareUnicodeCharacter 


./README.tex:22: Package inputenc Error: Unicode character ç ” (U+7814)
(inputenc)                not set up for use with LaTeX.

See the inputenc package documentation for explanation.
Type  H <return>  for immediate help.
 ...                                              
                                                  
l.22 ...æˆæ›´ä¸¥é‡çš„ä¼¤å®³ã€‚æœ¬æ–‡è¯¦ç»†è°ƒç ”
                                                  äº†å›½å†…å¤–ç›¸å…³ç ”ç©¶é¢...
You may provide a definition with
\DeclareUnicodeCharacter 


./README.tex:22: Package inputenc Error: Unicode character äº† (U+4E86)
(inputenc)                not set up for use with LaTeX.

See the inputenc package documentation for explanation.
Type  H <return>  for immediate help.
 ...                                              
                                                  
l.22 ...æ›´ä¸¥é‡çš„ä¼¤å®³ã€‚æœ¬æ–‡è¯¦ç»†è°ƒç ”äº†
                                                  å›½å†…å¤–ç›¸å…³ç ”ç©¶é¢†åŸ...
You may provide a definition with
\DeclareUnicodeCharacter 


./README.tex:22: Package inputenc Error: Unicode character å›½ (U+56FD)
(inputenc)                not set up for use with LaTeX.

See the inputenc package documentation for explanation.
Type  H <return>  for immediate help.
 ...                                              
                                                  
l.22 ...ä¸¥é‡çš„ä¼¤å®³ã€‚æœ¬æ–‡è¯¦ç»†è°ƒç ”äº†å›½
                                                  å†…å¤–ç›¸å…³ç ”ç©¶é¢†åŸŸçš...
You may provide a definition with
\DeclareUnicodeCharacter 


./README.tex:22: Package inputenc Error: Unicode character å†… (U+5185)
(inputenc)                not set up for use with LaTeX.

See the inputenc package documentation for explanation.
Type  H <return>  for immediate help.
 ...                                              
                                                  
l.22 ...é‡çš„ä¼¤å®³ã€‚æœ¬æ–‡è¯¦ç»†è°ƒç ”äº†å›½å†…
                                                  å¤–ç›¸å…³ç ”ç©¶é¢†åŸŸçš„ç ...
You may provide a definition with
\DeclareUnicodeCharacter 


./README.tex:22: Package inputenc Error: Unicode character å¤– (U+5916)
(inputenc)                not set up for use with LaTeX.

See the inputenc package documentation for explanation.
Type  H <return>  for immediate help.
 ...                                              
                                                  
l.22 ...çš„ä¼¤å®³ã€‚æœ¬æ–‡è¯¦ç»†è°ƒç ”äº†å›½å†…å¤–
                                                  ç›¸å…³ç ”ç©¶é¢†åŸŸçš„ç ”ç©...
You may provide a definition with
\DeclareUnicodeCharacter 


./README.tex:22: Package inputenc Error: Unicode character ç›¸ (U+76F8)
(inputenc)                not set up for use with LaTeX.

See the inputenc package documentation for explanation.
Type  H <return>  for immediate help.
 ...                                              
                                                  
l.22 ...ä¼¤å®³ã€‚æœ¬æ–‡è¯¦ç»†è°ƒç ”äº†å›½å†…å¤–ç›¸
                                                  å…³ç ”ç©¶é¢†åŸŸçš„ç ”ç©¶ï¼...
You may provide a definition with
\DeclareUnicodeCharacter 


./README.tex:22: Package inputenc Error: Unicode character å…³ (U+5173)
(inputenc)                not set up for use with LaTeX.

See the inputenc package documentation for explanation.
Type  H <return>  for immediate help.
 ...                                              
                                                  
l.22 ...å®³ã€‚æœ¬æ–‡è¯¦ç»†è°ƒç ”äº†å›½å†…å¤–ç›¸å…³
                                                  ç ”ç©¶é¢†åŸŸçš„ç ”ç©¶ï¼Œé€...
You may provide a definition with
\DeclareUnicodeCharacter 


./README.tex:22: Package inputenc Error: Unicode character ç ” (U+7814)
(inputenc)                not set up for use with LaTeX.

See the inputenc package documentation for explanation.
Type  H <return>  for immediate help.
 ...                                              
                                                  
l.22 ...ã€‚æœ¬æ–‡è¯¦ç»†è°ƒç ”äº†å›½å†…å¤–ç›¸å…³ç ”
                                                  ç©¶é¢†åŸŸçš„ç ”ç©¶ï¼Œé€‰æ‹...
You may provide a definition with
\DeclareUnicodeCharacter 


./README.tex:22: Package inputenc Error: Unicode character ç©¶ (U+7A76)
(inputenc)                not set up for use with LaTeX.

See the inputenc package documentation for explanation.
Type  H <return>  for immediate help.
 ...                                              
                                                  
l.22 ...æœ¬æ–‡è¯¦ç»†è°ƒç ”äº†å›½å†…å¤–ç›¸å…³ç ”ç©¶
                                                  é¢†åŸŸçš„ç ”ç©¶ï¼Œé€‰æ‹©äº...
You may provide a definition with
\DeclareUnicodeCharacter 


./README.tex:22: Package inputenc Error: Unicode character é¢† (U+9886)
(inputenc)                not set up for use with LaTeX.

See the inputenc package documentation for explanation.
Type  H <return>  for immediate help.
 ...                                              
                                                  
l.22 ...æ–‡è¯¦ç»†è°ƒç ”äº†å›½å†…å¤–ç›¸å…³ç ”ç©¶é¢†
                                                  åŸŸçš„ç ”ç©¶ï¼Œé€‰æ‹©äº†åŸ...
You may provide a definition with
\DeclareUnicodeCharacter 


./README.tex:22: Package inputenc Error: Unicode character åŸŸ (U+57DF)
(inputenc)                not set up for use with LaTeX.

See the inputenc package documentation for explanation.
Type  H <return>  for immediate help.
 ...                                              
                                                  
l.22 ...è¯¦ç»†è°ƒç ”äº†å›½å†…å¤–ç›¸å…³ç ”ç©¶é¢†åŸŸ
                                                  çš„ç ”ç©¶ï¼Œé€‰æ‹©äº†åŸºäº...
You may provide a definition with
\DeclareUnicodeCharacter 


./README.tex:22: Package inputenc Error: Unicode character çš„ (U+7684)
(inputenc)                not set up for use with LaTeX.

See the inputenc package documentation for explanation.
Type  H <return>  for immediate help.
 ...                                              
                                                  
l.22 ...ç»†è°ƒç ”äº†å›½å†…å¤–ç›¸å…³ç ”ç©¶é¢†åŸŸçš„
                                                  ç ”ç©¶ï¼Œé€‰æ‹©äº†åŸºäºå...
You may provide a definition with
\DeclareUnicodeCharacter 


./README.tex:22: Package inputenc Error: Unicode character ç ” (U+7814)
(inputenc)                not set up for use with LaTeX.

See the inputenc package documentation for explanation.
Type  H <return>  for immediate help.
 ...                                              
                                                  
l.22 ...è°ƒç ”äº†å›½å†…å¤–ç›¸å…³ç ”ç©¶é¢†åŸŸçš„ç ”
                                                  ç©¶ï¼Œé€‰æ‹©äº†åŸºäºå¯ç©...
You may provide a definition with
\DeclareUnicodeCharacter 


./README.tex:22: Package inputenc Error: Unicode character ç©¶ (U+7A76)
(inputenc)                not set up for use with LaTeX.

See the inputenc package documentation for explanation.
Type  H <return>  for immediate help.
 ...                                              
                                                  
l.22 ...ç ”äº†å›½å†…å¤–ç›¸å…³ç ”ç©¶é¢†åŸŸçš„ç ”ç©¶
                                                  ï¼Œé€‰æ‹©äº†åŸºäºå¯ç©¿æˆ...
You may provide a definition with
\DeclareUnicodeCharacter 


./README.tex:22: Package inputenc Error: Unicode character ï¼Œ (U+FF0C)
(inputenc)                not set up for use with LaTeX.

See the inputenc package documentation for explanation.
Type  H <return>  for immediate help.
 ...                                              
                                                  
l.22 ...äº†å›½å†…å¤–ç›¸å…³ç ”ç©¶é¢†åŸŸçš„ç ”ç©¶ï¼Œ
                                                  é€‰æ‹©äº†åŸºäºå¯ç©¿æˆ´å¼...
You may provide a definition with
\DeclareUnicodeCharacter 


./README.tex:22: Package inputenc Error: Unicode character é€‰ (U+9009)
(inputenc)                not set up for use with LaTeX.

See the inputenc package documentation for explanation.
Type  H <return>  for immediate help.
 ...                                              
                                                  
l.22 ...å›½å†…å¤–ç›¸å…³ç ”ç©¶é¢†åŸŸçš„ç ”ç©¶ï¼Œé€‰
                                                  æ‹©äº†åŸºäºå¯ç©¿æˆ´å¼è®...
You may provide a definition with
\DeclareUnicodeCharacter 


./README.tex:22: Package inputenc Error: Unicode character æ‹© (U+62E9)
(inputenc)                not set up for use with LaTeX.

See the inputenc package documentation for explanation.
Type  H <return>  for immediate help.
 ...                                              
                                                  
l.22 ...å†…å¤–ç›¸å…³ç ”ç©¶é¢†åŸŸçš„ç ”ç©¶ï¼Œé€‰æ‹©
                                                  äº†åŸºäºå¯ç©¿æˆ´å¼è®¾å¤...
You may provide a definition with
\DeclareUnicodeCharacter 


./README.tex:22: Package inputenc Error: Unicode character äº† (U+4E86)
(inputenc)                not set up for use with LaTeX.

See the inputenc package documentation for explanation.
Type  H <return>  for immediate help.
 ...                                              
                                                  
l.22 ...å¤–ç›¸å…³ç ”ç©¶é¢†åŸŸçš„ç ”ç©¶ï¼Œé€‰æ‹©äº†
                                                  åŸºäºå¯ç©¿æˆ´å¼è®¾å¤‡å®...
You may provide a definition with
\DeclareUnicodeCharacter 


./README.tex:22: Package inputenc Error: Unicode character åŸº (U+57FA)
(inputenc)                not set up for use with LaTeX.

See the inputenc package documentation for explanation.
Type  H <return>  for immediate help.
 ...                                              
                                                  
l.22 ...ç›¸å…³ç ”ç©¶é¢†åŸŸçš„ç ”ç©¶ï¼Œé€‰æ‹©äº†åŸº
                                                  äºå¯ç©¿æˆ´å¼è®¾å¤‡å®ç...
You may provide a definition with
\DeclareUnicodeCharacter 


./README.tex:22: Package inputenc Error: Unicode character äº (U+4E8E)
(inputenc)                not set up for use with LaTeX.

See the inputenc package documentation for explanation.
Type  H <return>  for immediate help.
 ...                                              
                                                  
l.22 ...å…³ç ”ç©¶é¢†åŸŸçš„ç ”ç©¶ï¼Œé€‰æ‹©äº†åŸºäº
                                                  å¯ç©¿æˆ´å¼è®¾å¤‡å®ç°è·...
You may provide a definition with
\DeclareUnicodeCharacter 


./README.tex:22: Package inputenc Error: Unicode character å¯ (U+53EF)
(inputenc)                not set up for use with LaTeX.

See the inputenc package documentation for explanation.
Type  H <return>  for immediate help.
 ...                                              
                                                  
l.22 ...ç ”ç©¶é¢†åŸŸçš„ç ”ç©¶ï¼Œé€‰æ‹©äº†åŸºäºå¯
                                                  ç©¿æˆ´å¼è®¾å¤‡å®ç°è·Œå€...
You may provide a definition with
\DeclareUnicodeCharacter 


./README.tex:22: Package inputenc Error: Unicode character ç©¿ (U+7A7F)
(inputenc)                not set up for use with LaTeX.

See the inputenc package documentation for explanation.
Type  H <return>  for immediate help.
 ...                                              
                                                  
l.22 ...ç©¶é¢†åŸŸçš„ç ”ç©¶ï¼Œé€‰æ‹©äº†åŸºäºå¯ç©¿
                                                  æˆ´å¼è®¾å¤‡å®ç°è·Œå€’æ£...
You may provide a definition with
\DeclareUnicodeCharacter 


./README.tex:22: Package inputenc Error: Unicode character æˆ´ (U+6234)
(inputenc)                not set up for use with LaTeX.

See the inputenc package documentation for explanation.
Type  H <return>  for immediate help.
 ...                                              
                                                  
l.22 ...é¢†åŸŸçš„ç ”ç©¶ï¼Œé€‰æ‹©äº†åŸºäºå¯ç©¿æˆ´
                                                  å¼è®¾å¤‡å®ç°è·Œå€’æ£€æµ...
You may provide a definition with
\DeclareUnicodeCharacter 


./README.tex:22: Package inputenc Error: Unicode character å¼ (U+5F0F)
(inputenc)                not set up for use with LaTeX.

See the inputenc package documentation for explanation.
Type  H <return>  for immediate help.
 ...                                              
                                                  
l.22 ...åŸŸçš„ç ”ç©¶ï¼Œé€‰æ‹©äº†åŸºäºå¯ç©¿æˆ´å¼
                                                  è®¾å¤‡å®ç°è·Œå€’æ£€æµ‹ã€...
You may provide a definition with
\DeclareUnicodeCharacter 


./README.tex:22: Package inputenc Error: Unicode character è®¾ (U+8BBE)
(inputenc)                not set up for use with LaTeX.

See the inputenc package documentation for explanation.
Type  H <return>  for immediate help.
 ...                                              
                                                  
l.22 ...çš„ç ”ç©¶ï¼Œé€‰æ‹©äº†åŸºäºå¯ç©¿æˆ´å¼è®¾
                                                  å¤‡å®ç°è·Œå€’æ£€æµ‹ã€‚é’...
(That makes 100 errors; please try again.) 
Here is how much of TeX's memory you used:
 5529 strings out of 492649
 82356 string characters out of 6129622
 174651 words of memory out of 5000000
 9399 multiletter control sequences out of 15000+600000
 5445 words of font info for 20 fonts, out of 8000000 for 9000
 1141 hyphenation exceptions out of 8191
 28i,3n,25p,792b,82s stack positions out of 5000i,500n,10000p,200000b,80000s

./README.tex:22:  ==> Fatal error occurred, no output PDF file produced!
